<?xml version="1.0" encoding="UTF-8"?>
<!-- Generated by org.testng.reporters.JUnitReportReporter -->
<testsuite skipped="0" hostname="MacBook-Pro-2" name="tests.booking.DeleteBookingTest" tests="1" failures="0" timestamp="2022-03-27T18:59:27 GST" time="4.630" errors="0">
  <testcase name="deleteeBooking" time="4.630" classname="tests.booking.DeleteBookingTest"/>
  <system-out/>
</testsuite> <!-- tests.booking.DeleteBookingTest -->
