<?xml version="1.0" encoding="UTF-8"?>
<!-- Generated by org.testng.reporters.JUnitReportReporter -->
<testsuite skipped="0" hostname="MacBook-Pro-2" name="tests.booking.CreateBookingTest" tests="1" failures="0" timestamp="2022-03-27T18:59:27 GST" time="1.884" errors="0">
  <testcase name="createBooking" time="1.884" classname="tests.booking.CreateBookingTest"/>
  <system-out/>
</testsuite> <!-- tests.booking.CreateBookingTest -->
