<?xml version="1.0" encoding="UTF-8"?>
<!-- Generated by org.testng.reporters.JUnitReportReporter -->
<testsuite skipped="0" hostname="MacBook-Pro-2" name="tests.authenticate.AuthFailureTest" tests="6" failures="0" timestamp="2022-03-27T13:08:21 GST" time="8.261" errors="0">
  <testcase name="LoginWithNoPassword" time="1.430" classname="tests.authenticate.AuthFailureTest"/>
  <system-out/>
  <testcase name="LoginWithNoCred" time="1.231" classname="tests.authenticate.AuthFailureTest"/>
  <system-out/>
  <testcase name="LoginWithInvalidCred" time="1.378" classname="tests.authenticate.AuthFailureTest"/>
  <system-out/>
  <testcase name="LoginWithInvalidPassword" time="1.359" classname="tests.authenticate.AuthFailureTest"/>
  <system-out/>
  <testcase name="LoginWithInvalidUserName" time="1.524" classname="tests.authenticate.AuthFailureTest"/>
  <system-out/>
  <testcase name="LoginWithNoUserName" time="1.339" classname="tests.authenticate.AuthFailureTest"/>
  <system-out/>
</testsuite> <!-- tests.authenticate.AuthFailureTest -->
