<?xml version="1.0" encoding="UTF-8"?>
<!-- Generated by org.testng.reporters.JUnitReportReporter -->
<testsuite skipped="0" hostname="MacBook-Pro-2" name="tests.authenticate.AuthFailureTest" tests="6" failures="0" timestamp="2022-03-27T18:59:27 GST" time="9.293" errors="0">
  <testcase name="LoginWithNoPassword" time="1.738" classname="tests.authenticate.AuthFailureTest"/>
  <system-out/>
  <testcase name="LoginWithInvalidCred" time="1.623" classname="tests.authenticate.AuthFailureTest"/>
  <system-out/>
  <testcase name="LoginWithNoUserName" time="1.435" classname="tests.authenticate.AuthFailureTest"/>
  <system-out/>
  <testcase name="LoginWithInvalidPassword" time="1.425" classname="tests.authenticate.AuthFailureTest"/>
  <system-out/>
  <testcase name="LoginWithInvalidUserName" time="1.639" classname="tests.authenticate.AuthFailureTest"/>
  <system-out/>
  <testcase name="LoginWithNoCred" time="1.433" classname="tests.authenticate.AuthFailureTest"/>
  <system-out/>
</testsuite> <!-- tests.authenticate.AuthFailureTest -->
