<?xml version="1.0" encoding="UTF-8"?>
<!-- Generated by org.testng.reporters.JUnitReportReporter -->
<testsuite skipped="0" hostname="MacBook-Pro-2" name="tests.ping.PingVerify" tests="1" failures="0" timestamp="2022-03-27T18:59:27 GST" time="1.327" errors="0">
  <testcase name="pingCheck" time="1.327" classname="tests.ping.PingVerify"/>
  <system-out/>
</testsuite> <!-- tests.ping.PingVerify -->
