<?xml version="1.0" encoding="UTF-8"?>
<!-- Generated by org.testng.reporters.JUnitReportReporter -->
<testsuite skipped="0" hostname="MacBook-Pro-2" name="tests.authenticate.AuthSuccessTest" tests="1" failures="0" timestamp="2022-03-27T13:08:21 GST" time="3.281" errors="0">
  <testcase name="hasToken" time="3.281" classname="tests.authenticate.AuthSuccessTest"/>
  <system-out/>
</testsuite> <!-- tests.authenticate.AuthSuccessTest -->
